{"/home/chris/Documents/node/User.coffee":{"path":"/home/chris/Documents/node/User.coffee","s":{"1":1,"2":1,"3":0,"4":0,"5":1,"6":1,"7":1,"8":1,"9":0,"10":0,"11":0,"12":0,"13":0,"14":1,"15":0,"16":0,"17":0,"18":0,"19":0,"20":1},"b":{"1":[0,0]},"f":{"1":1,"2":0,"3":0,"4":1,"5":0,"6":0},"fnMap":{"1":{"name":"(anonymous_1)","line":3,"loc":{"start":{"line":3,"column":0},"end":{"line":3,"column":0}}},"2":{"name":"(anonymous_2)","line":3,"loc":{"start":{"line":3,"column":0},"end":{"line":3,"column":0}}},"3":{"name":"(anonymous_3)","line":3,"loc":{"start":{"line":3,"column":0},"end":{"line":3,"column":0}}},"4":{"name":"(anonymous_4)","line":3,"loc":{"start":{"line":3,"column":23},"end":{"line":3,"column":23}}},"5":{"name":"User","line":5,"loc":{"start":{"line":5,"column":13},"end":{"line":5,"column":13}}},"6":{"name":"(anonymous_6)","line":8,"loc":{"start":{"line":8,"column":12},"end":{"line":8,"column":12}}}},"statementMap":{"1":{"start":{"line":3,"column":0},"end":{"line":3,"column":0}},"2":{"start":{"line":3,"column":0},"end":{"line":3,"column":0}},"3":{"start":{"line":3,"column":0},"end":{"line":3,"column":0}},"4":{"start":{"line":3,"column":0},"end":{"line":3,"column":0}},"5":{"start":{"line":3,"column":0},"end":{"line":3,"column":0}},"6":{"start":{"line":4,"column":1},"end":{"line":4,"column":1}},"7":{"start":{"line":4,"column":1},"end":{"line":4,"column":1}},"8":{"start":{"line":5,"column":13},"end":{"line":4,"column":1}},"9":{"start":{"line":5,"column":14},"end":{"line":6,"column":2}},"10":{"start":{"line":6,"column":2},"end":{"line":6,"column":2}},"11":{"start":{"line":6,"column":2},"end":{"line":6,"column":2}},"12":{"start":{"line":6,"column":2},"end":{"line":5,"column":13}},"13":{"start":{"line":7,"column":2},"end":{"line":7,"column":19}},"14":{"start":{"line":4,"column":1},"end":{"line":4,"column":1}},"15":{"start":{"line":9,"column":2},"end":{"line":9,"column":2}},"16":{"start":{"line":9,"column":2},"end":{"line":9,"column":2}},"17":{"start":{"line":10,"column":2},"end":{"line":9,"column":2}},"18":{"start":{"line":11,"column":2},"end":{"line":9,"column":2}},"19":{"start":{"line":12,"column":2},"end":{"line":8,"column":12}},"20":{"start":{"line":0,"column":0},"end":{"line":4,"column":1}}},"branchMap":{"1":{"line":6,"type":"if","locations":[{"start":{"line":6,"column":2},"end":{"line":6,"column":2}},{"start":{"line":6,"column":2},"end":{"line":6,"column":2}}]}}}}